      Lon      Lat    Year    VegC LitterC   SoilC     Total
   -72.25    42.25    1901   6.745   6.776  11.228    24.749
   -72.25    42.25    1902   7.011   6.660  11.217    24.888
   -72.25    42.25    1903   7.121   6.639  11.220    24.980
   -72.25    42.25    1904   7.244   6.584  11.227    25.055
   -72.25    42.25    1905   6.822   7.002  11.239    25.064
   -72.25    42.25    1906   6.951   6.852  11.231    25.034
   -72.25    42.25    1907   6.838   6.778  11.232    24.849
   -72.25    42.25    1908   6.415   6.815  11.237    24.467
   -72.25    42.25    1909   6.017   6.939  11.244    24.201
   -72.25    42.25    1910   6.060   6.834  11.253    24.147
   -72.25    42.25    1911   6.124   6.737  11.253    24.113
   -72.25    42.25    1912   5.720   6.653  11.254    23.627
   -72.25    42.25    1913   5.839   6.494  11.249    23.582
   -72.25    42.25    1914   5.850   6.507  11.250    23.606
   -72.25    42.25    1915   6.041   6.371  11.235    23.648
   -72.25    42.25    1916   5.805   6.543  11.217    23.565
   -72.25    42.25    1917   5.869   6.478  11.215    23.562
   -72.25    42.25    1918   5.928   6.429  11.215    23.572
   -72.25    42.25    1919   6.050   6.337  11.212    23.600
   -72.25    42.25    1920   6.043   6.350  11.212    23.605
   -72.25    42.25    1921   6.154   6.222  11.202    23.578
   -72.25    42.25    1922   6.387   6.103  11.190    23.681
   -72.25    42.25    1923   6.078   6.110  11.199    23.387
   -72.25    42.25    1924   5.769   6.114  11.216    23.098
   -72.25    42.25    1925   5.622   6.008  11.213    22.843
   -72.25    42.25    1926   5.178   6.477  11.216    22.871
   -72.25    42.25    1927   5.382   6.329  11.205    22.916
   -72.25    42.25    1928   5.601   6.177  11.172    22.950
   -72.25    42.25    1929   5.516   6.245  11.181    22.942
   -72.25    42.25    1930   5.530   6.174  11.190    22.895
   -72.25    42.25    1931   5.354   6.220  11.181    22.756
   -72.25    42.25    1932   5.107   6.467  11.177    22.751
   -72.25    42.25    1933   5.178   6.366  11.170    22.713
   -72.25    42.25    1934   5.368   6.211  11.157    22.736
   -72.25    42.25    1935   5.402   6.210  11.160    22.772
   -72.25    42.25    1936   5.508   6.120  11.163    22.791
   -72.25    42.25    1937   5.672   6.022  11.143    22.837
   -72.25    42.25    1938   5.965   5.878  11.119    22.962
   -72.25    42.25    1939   5.491   6.306  11.128    22.925
   -72.25    42.25    1940   5.491   6.236  11.154    22.880
   -72.25    42.25    1941   5.336   6.426  11.159    22.921
   -72.25    42.25    1942   5.436   6.383  11.158    22.978
   -72.25    42.25    1943   5.415   6.378  11.167    22.960
   -72.25    42.25    1944   5.437   6.325  11.167    22.930
   -72.25    42.25    1945   5.764   6.121  11.147    23.032
   -72.25    42.25    1946   6.000   6.072  11.139    23.211
   -72.25    42.25    1947   5.980   6.088  11.144    23.211
   -72.25    42.25    1948   5.394   6.289  11.151    22.833
   -72.25    42.25    1949   5.167   6.227  11.161    22.555
   -72.25    42.25    1950   4.611   6.418  11.171    22.200
   -72.25    42.25    1951   4.712   6.314  11.169    22.195
   -72.25    42.25    1952   4.677   6.164  11.150    21.991
   -72.25    42.25    1953   4.645   6.117  11.144    21.907
   -72.25    42.25    1954   4.758   6.130  11.137    22.026
   -72.25    42.25    1955   4.869   6.005  11.132    22.005
   -72.25    42.25    1956   4.383   6.482  11.138    22.004
   -72.25    42.25    1957   4.314   6.455  11.154    21.924
   -72.25    42.25    1958   4.570   6.263  11.150    21.982
   -72.25    42.25    1959   4.720   6.115  11.121    21.956
   -72.25    42.25    1960   4.822   6.039  11.109    21.970
   -72.25    42.25    1961   4.798   6.059  11.115    21.973
   -72.25    42.25    1962   4.768   6.112  11.131    22.011
   -72.25    42.25    1963   4.794   6.033  11.151    21.978
   -72.25    42.25    1964   4.783   5.997  11.167    21.947
   -72.25    42.25    1965   4.789   5.952  11.175    21.916
   -72.25    42.25    1966   4.766   6.034  11.165    21.965
   -72.25    42.25    1967   5.013   5.880  11.148    22.041
   -72.25    42.25    1968   5.180   5.826  11.145    22.151
   -72.25    42.25    1969   5.439   5.702  11.131    22.272
   -72.25    42.25    1970   5.624   5.651  11.133    22.407
   -72.25    42.25    1971   5.717   5.521  11.121    22.359
   -72.25    42.25    1972   5.869   5.460  11.117    22.446
   -72.25    42.25    1973   6.103   5.388  11.107    22.599
   -72.25    42.25    1974   6.297   5.328  11.097    22.723
   -72.25    42.25    1975   6.512   5.210  11.074    22.797
   -72.25    42.25    1976   6.390   5.172  11.064    22.627
   -72.25    42.25    1977   6.608   5.055  11.044    22.707
   -72.25    42.25    1978   6.597   5.110  11.052    22.760
   -72.25    42.25    1979   6.793   4.951  11.020    22.764
   -72.25    42.25    1980   6.760   4.984  11.029    22.772
   -72.25    42.25    1981   6.747   4.988  11.027    22.762
   -72.25    42.25    1982   6.981   4.923  11.015    22.918
   -72.25    42.25    1983   7.024   4.908  11.013    22.945
   -72.25    42.25    1984   7.051   4.907  11.001    22.959
   -72.25    42.25    1985   7.352   4.819  10.981    23.151
   -72.25    42.25    1986   7.324   5.008  10.972    23.305
   -72.25    42.25    1987   7.358   4.985  10.965    23.308
   -72.25    42.25    1988   7.488   4.919  10.950    23.357
   -72.25    42.25    1989   7.738   4.845  10.915    23.498
   -72.25    42.25    1990   7.884   4.826  10.895    23.605
   -72.25    42.25    1991   8.065   4.781  10.875    23.721
   -72.25    42.25    1992   8.236   4.805  10.880    23.922
   -72.25    42.25    1993   8.143   4.873  10.890    23.906
   -72.25    42.25    1994   8.428   4.760  10.866    24.054
   -72.25    42.25    1995   7.682   5.106  10.867    23.654
   -72.25    42.25    1996   7.809   5.017  10.846    23.673
   -72.25    42.25    1997   7.246   5.616  10.854    23.716
   -72.25    42.25    1998   7.067   5.756  10.845    23.667
   -72.25    42.25    1999   7.148   5.673  10.835    23.657
   -72.25    42.25    2000   7.471   5.607  10.817    23.894
   -72.25    42.25    2001   7.511   5.687  10.817    24.015
   -72.25    42.25    2002   7.647   5.612  10.823    24.083
   -72.25    42.25    2003   7.827   5.517  10.801    24.145
   -72.25    42.25    2004   7.985   5.453  10.796    24.234
   -72.25    42.25    2005   7.666   5.467  10.807    23.940
   -72.25    42.25    2006   7.361   5.701  10.761    23.823
   -72.25    42.25    2007   7.326   5.525  10.735    23.586
   -72.25    42.25    2008   7.622   5.236  10.670    23.527
   -72.25    42.25    2009   7.956   5.091  10.610    23.657
   -72.25    42.25    2010   7.356   5.272  10.579    23.206
   -72.25    42.25    2011   7.582   5.183  10.556    23.321
   -72.25    42.25    2012   7.847   5.067  10.514    23.429
   -72.25    42.25    2013   7.870   4.988  10.472    23.329
   -72.25    42.25    2014   7.473   5.292  10.435    23.200
   -72.25    42.25    2015   7.566   5.067  10.393    23.026
