      Lon      Lat    Year     BNE    BINE     BNS    TeNE    TeBS     IBS    TeBE    TrBE   TrIBE    TrBR     C3G     C4G   Total
   -72.25    42.25    1901  0.1740  0.2349  0.0000  0.0000  2.2487  0.9218  0.0000  0.0000  0.0000  0.0000  0.3903  0.0000  3.9698
   -72.25    42.25    1902  0.1920  0.2605  0.0000  0.0000  2.4001  1.0089  0.0000  0.0000  0.0000  0.0000  0.4115  0.0000  4.2731
   -72.25    42.25    1903  0.1968  0.2613  0.0000  0.0000  2.4051  1.0235  0.0000  0.0000  0.0000  0.0000  0.3429  0.0000  4.2297
   -72.25    42.25    1904  0.1949  0.2552  0.0000  0.0000  2.4394  1.0463  0.0000  0.0000  0.0000  0.0000  0.2605  0.0000  4.1963
   -72.25    42.25    1905  0.1844  0.2406  0.0000  0.0000  2.3099  0.9662  0.0000  0.0000  0.0000  0.0000  0.1922  0.0000  3.8933
   -72.25    42.25    1906  0.1813  0.2326  0.0000  0.0000  2.3964  1.0309  0.0000  0.0000  0.0000  0.0000  0.2122  0.0000  4.0533
   -72.25    42.25    1907  0.1856  0.2331  0.0000  0.0000  2.2312  0.9112  0.0000  0.0000  0.0000  0.0000  0.2578  0.0000  3.8187
   -72.25    42.25    1908  0.1743  0.2207  0.0000  0.0000  2.1040  0.8977  0.0000  0.0000  0.0000  0.0000  0.2883  0.0000  3.6850
   -72.25    42.25    1909  0.1617  0.2009  0.0000  0.0000  1.9531  0.8231  0.0000  0.0000  0.0000  0.0000  0.3949  0.0000  3.5336
   -72.25    42.25    1910  0.1534  0.1863  0.0000  0.0000  1.9222  0.8003  0.0000  0.0000  0.0000  0.0000  0.3434  0.0000  3.4057
   -72.25    42.25    1911  0.1501  0.1831  0.0000  0.0000  1.9384  0.8090  0.0000  0.0000  0.0000  0.0000  0.4413  0.0000  3.5219
   -72.25    42.25    1912  0.1200  0.1848  0.0000  0.0000  1.8754  0.8089  0.0000  0.0000  0.0000  0.0000  0.5039  0.0000  3.4930
   -72.25    42.25    1913  0.1240  0.1912  0.0000  0.0000  1.9092  0.8207  0.0000  0.0000  0.0000  0.0000  0.4652  0.0000  3.5102
   -72.25    42.25    1914  0.1225  0.1879  0.0000  0.0000  1.9008  0.7922  0.0000  0.0000  0.0000  0.0000  0.4390  0.0000  3.4424
   -72.25    42.25    1915  0.1252  0.1989  0.0000  0.0000  2.0714  0.8723  0.0000  0.0000  0.0000  0.0000  0.5118  0.0000  3.7796
   -72.25    42.25    1916  0.1314  0.2097  0.0000  0.0000  2.0538  0.8718  0.0000  0.0000  0.0000  0.0000  0.5849  0.0000  3.8515
   -72.25    42.25    1917  0.1345  0.2122  0.0000  0.0000  2.0391  0.8798  0.0000  0.0000  0.0000  0.0000  0.5384  0.0000  3.8039
   -72.25    42.25    1918  0.1349  0.2133  0.0000  0.0000  2.0369  0.8829  0.0000  0.0000  0.0000  0.0000  0.6692  0.0000  3.9372
   -72.25    42.25    1919  0.1392  0.2188  0.0000  0.0000  2.0779  0.9079  0.0000  0.0000  0.0000  0.0000  0.6505  0.0000  3.9943
   -72.25    42.25    1920  0.1393  0.2164  0.0000  0.0000  2.0749  0.9022  0.0000  0.0000  0.0000  0.0000  0.6384  0.0000  3.9713
   -72.25    42.25    1921  0.1347  0.2145  0.0000  0.0000  2.1093  0.9410  0.0000  0.0000  0.0000  0.0000  0.6315  0.0000  4.0309
   -72.25    42.25    1922  0.1400  0.2247  0.0000  0.0000  2.2474  1.0279  0.0000  0.0000  0.0000  0.0000  0.6631  0.0000  4.3030
   -72.25    42.25    1923  0.1320  0.2122  0.0000  0.0000  2.1022  0.9838  0.0000  0.0000  0.0000  0.0000  0.5544  0.0000  3.9846
   -72.25    42.25    1924  0.1193  0.1937  0.0000  0.0000  1.8462  0.8657  0.0000  0.0000  0.0000  0.0000  0.4629  0.0000  3.4877
   -72.25    42.25    1925  0.1233  0.2089  0.0000  0.0000  1.8442  0.9337  0.0000  0.0000  0.0000  0.0000  0.5730  0.0000  3.6830
   -72.25    42.25    1926  0.1134  0.2001  0.0000  0.0000  1.7427  0.9059  0.0000  0.0000  0.0000  0.0000  0.5330  0.0000  3.4950
   -72.25    42.25    1927  0.1208  0.2138  0.0000  0.0000  1.8776  0.9732  0.0000  0.0000  0.0000  0.0000  0.6456  0.0000  3.8308
   -72.25    42.25    1928  0.1285  0.2260  0.0000  0.0000  2.0115  1.0561  0.0000  0.0000  0.0000  0.0000  0.7435  0.0000  4.1656
   -72.25    42.25    1929  0.1229  0.2157  0.0000  0.0000  1.8726  0.9693  0.0000  0.0000  0.0000  0.0000  0.5449  0.0000  3.7254
   -72.25    42.25    1930  0.1200  0.2051  0.0000  0.0000  1.8475  0.9382  0.0000  0.0000  0.0000  0.0000  0.5785  0.0000  3.6893
   -72.25    42.25    1931  0.1229  0.2003  0.0000  0.0000  1.8030  0.9480  0.0000  0.0000  0.0000  0.0000  0.6310  0.0000  3.7051
   -72.25    42.25    1932  0.1066  0.1834  0.0000  0.0000  1.7421  0.9385  0.0000  0.0000  0.0000  0.0000  0.5526  0.0000  3.5231
   -72.25    42.25    1933  0.1104  0.1832  0.0000  0.0000  1.7847  0.9352  0.0000  0.0000  0.0000  0.0000  0.7362  0.0000  3.7497
   -72.25    42.25    1934  0.1146  0.1859  0.0000  0.0000  1.8636  0.9911  0.0000  0.0000  0.0000  0.0000  0.8941  0.0000  4.0493
   -72.25    42.25    1935  0.1168  0.1831  0.0000  0.0000  1.8767  0.9731  0.0000  0.0000  0.0000  0.0000  0.7561  0.0000  3.9059
   -72.25    42.25    1936  0.1190  0.1800  0.0000  0.0000  1.9198  0.9867  0.0000  0.0000  0.0000  0.0000  0.8277  0.0000  4.0332
   -72.25    42.25    1937  0.1272  0.1885  0.0000  0.0000  2.0611  1.0653  0.0000  0.0000  0.0000  0.0000  0.7918  0.0000  4.2339
   -72.25    42.25    1938  0.1357  0.1965  0.0000  0.0000  2.2534  1.1742  0.0000  0.0000  0.0000  0.0000  0.8243  0.0000  4.5841
   -72.25    42.25    1939  0.1234  0.1683  0.0000  0.0000  1.9907  0.9486  0.0000  0.0000  0.0000  0.0000  0.5473  0.0000  3.7783
   -72.25    42.25    1940  0.1197  0.1587  0.0000  0.0000  1.9280  0.8840  0.0000  0.0000  0.0000  0.0000  0.5892  0.0000  3.6795
   -72.25    42.25    1941  0.1215  0.1630  0.0000  0.0000  1.9649  0.8056  0.0000  0.0000  0.0000  0.0000  0.8902  0.0000  3.9453
   -72.25    42.25    1942  0.1257  0.1698  0.0000  0.0000  2.0636  0.8328  0.0000  0.0000  0.0000  0.0000  0.7816  0.0000  3.9735
   -72.25    42.25    1943  0.1224  0.1658  0.0000  0.0000  2.0262  0.8096  0.0000  0.0000  0.0000  0.0000  0.7675  0.0000  3.8915
   -72.25    42.25    1944  0.1178  0.1533  0.0000  0.0000  2.0445  0.8061  0.0000  0.0000  0.0000  0.0000  0.6658  0.0000  3.7875
   -72.25    42.25    1945  0.1297  0.1689  0.0000  0.0000  2.2976  0.9121  0.0000  0.0000  0.0000  0.0000  0.7194  0.0000  4.2278
   -72.25    42.25    1946  0.1372  0.1842  0.0000  0.0000  2.4835  1.0126  0.0000  0.0000  0.0000  0.0000  0.7479  0.0000  4.5654
   -72.25    42.25    1947  0.1318  0.1824  0.0000  0.0000  2.4302  0.9858  0.0000  0.0000  0.0000  0.0000  0.5833  0.0000  4.3136
   -72.25    42.25    1948  0.1314  0.1835  0.0000  0.0000  2.2549  0.9117  0.0000  0.0000  0.0000  0.0000  0.6110  0.0000  4.0925
   -72.25    42.25    1949  0.1162  0.1577  0.0000  0.0000  2.0619  0.7915  0.0000  0.0000  0.0000  0.0000  0.4023  0.0000  3.5297
   -72.25    42.25    1950  0.1149  0.1529  0.0000  0.0000  1.9377  0.7656  0.0000  0.0000  0.0000  0.0000  0.5317  0.0000  3.5028
   -72.25    42.25    1951  0.1156  0.1589  0.0000  0.0000  1.9775  0.7779  0.0000  0.0000  0.0000  0.0000  0.7298  0.0000  3.7598
   -72.25    42.25    1952  0.1202  0.1726  0.0000  0.0000  2.0306  0.8270  0.0000  0.0000  0.0000  0.0000  1.0443  0.0000  4.1947
   -72.25    42.25    1953  0.1199  0.1781  0.0000  0.0000  1.9533  0.7940  0.0000  0.0000  0.0000  0.0000  0.7839  0.0000  3.8291
   -72.25    42.25    1954  0.1081  0.1880  0.0000  0.0000  2.0258  0.8804  0.0000  0.0000  0.0000  0.0000  1.0027  0.0000  4.2050
   -72.25    42.25    1955  0.1072  0.1920  0.0000  0.0000  2.0788  0.9200  0.0000  0.0000  0.0000  0.0000  0.7760  0.0000  4.0740
   -72.25    42.25    1956  0.0851  0.1923  0.0000  0.0000  1.9618  0.9068  0.0000  0.0000  0.0000  0.0000  0.8899  0.0000  4.0359
   -72.25    42.25    1957  0.0768  0.1779  0.0000  0.0000  1.8229  0.8429  0.0000  0.0000  0.0000  0.0000  0.6644  0.0000  3.5848
   -72.25    42.25    1958  0.0845  0.1982  0.0000  0.0000  2.0251  0.9688  0.0000  0.0000  0.0000  0.0000  0.9163  0.0000  4.1930
   -72.25    42.25    1959  0.0877  0.2112  0.0000  0.0000  2.1095  1.0343  0.0000  0.0000  0.0000  0.0000  0.8830  0.0000  4.3257
   -72.25    42.25    1960  0.0934  0.2259  0.0000  0.0000  2.2047  1.1358  0.0000  0.0000  0.0000  0.0000  0.9862  0.0000  4.6460
   -72.25    42.25    1961  0.0910  0.2204  0.0000  0.0000  2.1661  1.1195  0.0000  0.0000  0.0000  0.0000  0.6720  0.0000  4.2689
   -72.25    42.25    1962  0.0814  0.1904  0.0000  0.0000  2.0862  1.0123  0.0000  0.0000  0.0000  0.0000  0.7118  0.0000  4.0822
   -72.25    42.25    1963  0.0753  0.1806  0.0000  0.0000  2.0376  0.9796  0.0000  0.0000  0.0000  0.0000  0.6002  0.0000  3.8733
   -72.25    42.25    1964  0.0702  0.1724  0.0000  0.0000  1.9345  0.9329  0.0000  0.0000  0.0000  0.0000  0.6160  0.0000  3.7260
   -72.25    42.25    1965  0.0698  0.1720  0.0000  0.0000  1.9629  0.9414  0.0000  0.0000  0.0000  0.0000  0.5398  0.0000  3.6858
   -72.25    42.25    1966  0.0755  0.1839  0.0000  0.0000  1.9856  1.0096  0.0000  0.0000  0.0000  0.0000  0.5969  0.0000  3.8514
   -72.25    42.25    1967  0.0795  0.1948  0.0000  0.0000  2.1549  1.1073  0.0000  0.0000  0.0000  0.0000  0.6021  0.0000  4.1387
   -72.25    42.25    1968  0.0791  0.1941  0.0000  0.0000  2.2357  1.1569  0.0000  0.0000  0.0000  0.0000  0.6001  0.0000  4.2660
   -72.25    42.25    1969  0.0805  0.1987  0.0000  0.0000  2.4310  1.2741  0.0000  0.0000  0.0000  0.0000  0.5390  0.0000  4.5232
   -72.25    42.25    1970  0.0791  0.1953  0.0000  0.0000  2.5174  1.3194  0.0000  0.0000  0.0000  0.0000  0.4831  0.0000  4.5943
   -72.25    42.25    1971  0.0744  0.1853  0.0000  0.0000  2.5058  1.3279  0.0000  0.0000  0.0000  0.0000  0.3647  0.0000  4.4581
   -72.25    42.25    1972  0.0753  0.1857  0.0000  0.0000  2.5453  1.3747  0.0000  0.0000  0.0000  0.0000  0.3550  0.0000  4.5361
   -72.25    42.25    1973  0.0754  0.1848  0.0000  0.0000  2.6694  1.4744  0.0000  0.0000  0.0000  0.0000  0.3425  0.0000  4.7464
   -72.25    42.25    1974  0.0732  0.1769  0.0000  0.0000  2.7306  1.5372  0.0000  0.0000  0.0000  0.0000  0.2637  0.0000  4.7816
   -72.25    42.25    1975  0.0706  0.1693  0.0000  0.0000  2.7973  1.6145  0.0000  0.0000  0.0000  0.0000  0.1972  0.0000  4.8490
   -72.25    42.25    1976  0.0665  0.1585  0.0000  0.0000  2.6496  1.6136  0.0000  0.0000  0.0000  0.0000  0.1603  0.0000  4.6485
   -72.25    42.25    1977  0.0634  0.1502  0.0000  0.0000  2.7175  1.6675  0.0000  0.0000  0.0000  0.0000  0.1597  0.0000  4.7583
   -72.25    42.25    1978  0.0523  0.1270  0.0000  0.0000  2.5778  1.5696  0.0000  0.0000  0.0000  0.0000  0.1990  0.0000  4.5257
   -72.25    42.25    1979  0.0508  0.1176  0.0000  0.0000  2.6563  1.6737  0.0000  0.0000  0.0000  0.0000  0.1431  0.0000  4.6415
   -72.25    42.25    1980  0.0419  0.0966  0.0000  0.0000  2.4906  1.5637  0.0000  0.0000  0.0000  0.0000  0.1626  0.0000  4.3554
   -72.25    42.25    1981  0.0385  0.0834  0.0000  0.0000  2.3997  1.5093  0.0000  0.0000  0.0000  0.0000  0.1939  0.0000  4.2248
   -72.25    42.25    1982  0.0381  0.0800  0.0000  0.0000  2.4833  1.6039  0.0000  0.0000  0.0000  0.0000  0.2156  0.0000  4.4209
   -72.25    42.25    1983  0.0344  0.0686  0.0000  0.0000  2.3823  1.5586  0.0000  0.0000  0.0000  0.0000  0.1384  0.0000  4.1824
   -72.25    42.25    1984  0.0321  0.0594  0.0000  0.0000  2.3562  1.5388  0.0000  0.0000  0.0000  0.0000  0.1688  0.0000  4.1552
   -72.25    42.25    1985  0.0336  0.0575  0.0000  0.0000  2.5060  1.6645  0.0000  0.0000  0.0000  0.0000  0.1580  0.0000  4.4195
   -72.25    42.25    1986  0.0320  0.0517  0.0000  0.0000  2.5012  1.5880  0.0000  0.0000  0.0000  0.0000  0.1353  0.0000  4.3081
   -72.25    42.25    1987  0.0301  0.0444  0.0000  0.0000  2.4444  1.5648  0.0000  0.0000  0.0000  0.0000  0.0983  0.0000  4.1820
   -72.25    42.25    1988  0.0303  0.0466  0.0000  0.0000  2.4355  1.6082  0.0000  0.0000  0.0000  0.0000  0.1907  0.0000  4.3113
   -72.25    42.25    1989  0.0330  0.0500  0.0000  0.0000  2.5495  1.7228  0.0000  0.0000  0.0000  0.0000  0.1837  0.0000  4.5390
   -72.25    42.25    1990  0.0358  0.0507  0.0000  0.0000  2.5653  1.7588  0.0000  0.0000  0.0000  0.0000  0.1646  0.0000  4.5753
   -72.25    42.25    1991  0.0364  0.0496  0.0000  0.0000  2.6136  1.7796  0.0000  0.0000  0.0000  0.0000  0.1778  0.0000  4.6570
   -72.25    42.25    1992  0.0374  0.0475  0.0000  0.0000  2.6075  1.7901  0.0000  0.0000  0.0000  0.0000  0.1584  0.0000  4.6409
   -72.25    42.25    1993  0.0331  0.0402  0.0000  0.0000  2.4498  1.6650  0.0000  0.0000  0.0000  0.0000  0.1081  0.0000  4.2962
   -72.25    42.25    1994  0.0351  0.0440  0.0000  0.0000  2.5776  1.7766  0.0000  0.0000  0.0000  0.0000  0.1434  0.0000  4.5766
   -72.25    42.25    1995  0.0349  0.0427  0.0000  0.0000  2.3178  1.5139  0.0000  0.0000  0.0000  0.0000  0.0774  0.0000  3.9868
   -72.25    42.25    1996  0.0352  0.0448  0.0000  0.0000  2.3836  1.5397  0.0000  0.0000  0.0000  0.0000  0.0892  0.0000  4.0924
   -72.25    42.25    1997  0.0377  0.0499  0.0000  0.0000  2.1191  1.2935  0.0000  0.0000  0.0000  0.0000  0.2131  0.0000  3.7134
   -72.25    42.25    1998  0.0385  0.0562  0.0000  0.0000  2.0419  1.2659  0.0000  0.0000  0.0000  0.0000  0.2594  0.0000  3.6619
   -72.25    42.25    1999  0.0424  0.0680  0.0000  0.0000  2.0377  1.2684  0.0000  0.0000  0.0000  0.0000  0.5336  0.0000  3.9501
   -72.25    42.25    2000  0.0506  0.0884  0.0000  0.0000  2.1905  1.4014  0.0000  0.0000  0.0000  0.0000  0.8035  0.0000  4.5344
   -72.25    42.25    2001  0.0507  0.0866  0.0000  0.0000  2.1957  1.3939  0.0000  0.0000  0.0000  0.0000  0.6190  0.0000  4.3459
   -72.25    42.25    2002  0.0526  0.0900  0.0000  0.0000  2.1939  1.4150  0.0000  0.0000  0.0000  0.0000  0.6531  0.0000  4.4046
   -72.25    42.25    2003  0.0568  0.1014  0.0000  0.0000  2.2583  1.4897  0.0000  0.0000  0.0000  0.0000  0.6499  0.0000  4.5560
   -72.25    42.25    2004  0.0613  0.1086  0.0000  0.0000  2.2943  1.5157  0.0000  0.0000  0.0000  0.0000  0.5381  0.0000  4.5179
   -72.25    42.25    2005  0.0593  0.1081  0.0000  0.0000  2.1615  1.3636  0.0000  0.0000  0.0000  0.0000  0.3952  0.0000  4.0879
   -72.25    42.25    2006  0.0654  0.1241  0.0000  0.0000  2.1842  1.3604  0.0000  0.0000  0.0000  0.0000  0.3006  0.0000  4.0347
   -72.25    42.25    2007  0.0667  0.1270  0.0000  0.0000  2.0624  1.3064  0.0000  0.0000  0.0000  0.0000  0.1330  0.0000  3.6955
   -72.25    42.25    2008  0.0778  0.1565  0.0000  0.0000  2.2099  1.4455  0.0000  0.0000  0.0000  0.0000  0.1639  0.0000  4.0535
   -72.25    42.25    2009  0.0886  0.1845  0.0000  0.0000  2.3789  1.5948  0.0000  0.0000  0.0000  0.0000  0.2033  0.0000  4.4501
   -72.25    42.25    2010  0.0689  0.1624  0.0000  0.0000  2.0871  1.4127  0.0000  0.0000  0.0000  0.0000  0.1932  0.0000  3.9243
   -72.25    42.25    2011  0.0728  0.1676  0.0000  0.0000  2.2001  1.5132  0.0000  0.0000  0.0000  0.0000  0.3059  0.0000  4.2595
   -72.25    42.25    2012  0.0800  0.1777  0.0000  0.0000  2.2927  1.6047  0.0000  0.0000  0.0000  0.0000  0.3833  0.0000  4.5385
   -72.25    42.25    2013  0.0757  0.1488  0.0000  0.0000  2.2930  1.5228  0.0000  0.0000  0.0000  0.0000  0.2768  0.0000  4.3172
   -72.25    42.25    2014  0.0706  0.1265  0.0000  0.0000  2.1228  1.4900  0.0000  0.0000  0.0000  0.0000  0.3001  0.0000  4.1100
   -72.25    42.25    2015  0.0680  0.1228  0.0000  0.0000  2.0329  1.4615  0.0000  0.0000  0.0000  0.0000  0.4940  0.0000  4.1791
