      Lon      Lat    Year     BNE    BINE     BNS    TeNE    TeBS     IBS    TeBE    TrBE   TrIBE    TrBR     C3G     C4G   Total
   -72.25    42.25    1901  0.0391  0.1120  0.0000  0.0000  1.4837  1.4913  0.0000  0.0000  0.0000  0.0000  0.6386  0.0000  3.7647
   -72.25    42.25    1902  0.0358  0.0986  0.0000  0.0000  1.4954  1.4926  0.0000  0.0000  0.0000  0.0000  0.7914  0.0000  3.9136
   -72.25    42.25    1903  0.0369  0.1010  0.0000  0.0000  1.3987  1.3311  0.0000  0.0000  0.0000  0.0000  0.9322  0.0000  3.7999
   -72.25    42.25    1904  0.0379  0.1009  0.0000  0.0000  1.4128  1.3650  0.0000  0.0000  0.0000  0.0000  0.9270  0.0000  3.8436
   -72.25    42.25    1905  0.0362  0.0964  0.0000  0.0000  1.3833  1.3316  0.0000  0.0000  0.0000  0.0000  0.8298  0.0000  3.6773
   -72.25    42.25    1906  0.0370  0.1013  0.0000  0.0000  1.3805  1.2999  0.0000  0.0000  0.0000  0.0000  0.9640  0.0000  3.7828
   -72.25    42.25    1907  0.0382  0.1069  0.0000  0.0000  1.2650  1.2253  0.0000  0.0000  0.0000  0.0000  0.8593  0.0000  3.4946
   -72.25    42.25    1908  0.0410  0.1187  0.0000  0.0000  1.2610  1.2347  0.0000  0.0000  0.0000  0.0000  0.9867  0.0000  3.6422
   -72.25    42.25    1909  0.0450  0.1303  0.0000  0.0000  1.2630  1.2424  0.0000  0.0000  0.0000  0.0000  1.0900  0.0000  3.7707
   -72.25    42.25    1910  0.0457  0.1327  0.0000  0.0000  1.2618  1.2355  0.0000  0.0000  0.0000  0.0000  1.0069  0.0000  3.6826
   -72.25    42.25    1911  0.0454  0.1307  0.0000  0.0000  1.2800  1.2353  0.0000  0.0000  0.0000  0.0000  0.8251  0.0000  3.5166
   -72.25    42.25    1912  0.0505  0.1416  0.0000  0.0000  1.3393  1.2871  0.0000  0.0000  0.0000  0.0000  0.8937  0.0000  3.7123
   -72.25    42.25    1913  0.0492  0.1289  0.0000  0.0000  1.3328  1.2460  0.0000  0.0000  0.0000  0.0000  0.7752  0.0000  3.5322
   -72.25    42.25    1914  0.0515  0.1336  0.0000  0.0000  1.2960  1.1626  0.0000  0.0000  0.0000  0.0000  0.6612  0.0000  3.3048
   -72.25    42.25    1915  0.0582  0.1506  0.0000  0.0000  1.4332  1.3006  0.0000  0.0000  0.0000  0.0000  0.9051  0.0000  3.8476
   -72.25    42.25    1916  0.0643  0.1657  0.0000  0.0000  1.5542  1.4132  0.0000  0.0000  0.0000  0.0000  0.9838  0.0000  4.1813
   -72.25    42.25    1917  0.0661  0.1682  0.0000  0.0000  1.5884  1.4398  0.0000  0.0000  0.0000  0.0000  0.7785  0.0000  4.0410
   -72.25    42.25    1918  0.0677  0.1706  0.0000  0.0000  1.6359  1.4787  0.0000  0.0000  0.0000  0.0000  0.7056  0.0000  4.0585
   -72.25    42.25    1919  0.0698  0.1751  0.0000  0.0000  1.6975  1.5536  0.0000  0.0000  0.0000  0.0000  0.6128  0.0000  4.1088
   -72.25    42.25    1920  0.0701  0.1743  0.0000  0.0000  1.7430  1.5749  0.0000  0.0000  0.0000  0.0000  0.4627  0.0000  4.0250
   -72.25    42.25    1921  0.0699  0.1723  0.0000  0.0000  1.7103  1.6533  0.0000  0.0000  0.0000  0.0000  0.4346  0.0000  4.0404
   -72.25    42.25    1922  0.0728  0.1724  0.0000  0.0000  1.8223  1.7765  0.0000  0.0000  0.0000  0.0000  0.3003  0.0000  4.1443
   -72.25    42.25    1923  0.0656  0.1486  0.0000  0.0000  1.7259  1.6888  0.0000  0.0000  0.0000  0.0000  0.2736  0.0000  3.9025
   -72.25    42.25    1924  0.0592  0.1353  0.0000  0.0000  1.6241  1.5636  0.0000  0.0000  0.0000  0.0000  0.1910  0.0000  3.5733
   -72.25    42.25    1925  0.0635  0.1446  0.0000  0.0000  1.7216  1.7119  0.0000  0.0000  0.0000  0.0000  0.3362  0.0000  3.9779
   -72.25    42.25    1926  0.0579  0.1300  0.0000  0.0000  1.6560  1.5743  0.0000  0.0000  0.0000  0.0000  0.1907  0.0000  3.6088
   -72.25    42.25    1927  0.0608  0.1335  0.0000  0.0000  1.7828  1.7033  0.0000  0.0000  0.0000  0.0000  0.2534  0.0000  3.9337
   -72.25    42.25    1928  0.0624  0.1372  0.0000  0.0000  1.8082  1.7269  0.0000  0.0000  0.0000  0.0000  0.3803  0.0000  4.1151
   -72.25    42.25    1929  0.0584  0.1259  0.0000  0.0000  1.6773  1.5869  0.0000  0.0000  0.0000  0.0000  0.2669  0.0000  3.7154
   -72.25    42.25    1930  0.0541  0.1188  0.0000  0.0000  1.5935  1.5288  0.0000  0.0000  0.0000  0.0000  0.3792  0.0000  3.6745
   -72.25    42.25    1931  0.0553  0.1209  0.0000  0.0000  1.6908  1.6206  0.0000  0.0000  0.0000  0.0000  0.4018  0.0000  3.8894
   -72.25    42.25    1932  0.0527  0.1117  0.0000  0.0000  1.6685  1.5334  0.0000  0.0000  0.0000  0.0000  0.3379  0.0000  3.7042
   -72.25    42.25    1933  0.0502  0.1064  0.0000  0.0000  1.6763  1.5270  0.0000  0.0000  0.0000  0.0000  0.3289  0.0000  3.6888
   -72.25    42.25    1934  0.0499  0.1089  0.0000  0.0000  1.6767  1.4906  0.0000  0.0000  0.0000  0.0000  0.4314  0.0000  3.7575
   -72.25    42.25    1935  0.0505  0.1090  0.0000  0.0000  1.6737  1.4878  0.0000  0.0000  0.0000  0.0000  0.3226  0.0000  3.6436
   -72.25    42.25    1936  0.0491  0.1063  0.0000  0.0000  1.7017  1.5185  0.0000  0.0000  0.0000  0.0000  0.3438  0.0000  3.7195
   -72.25    42.25    1937  0.0506  0.1094  0.0000  0.0000  1.7957  1.6265  0.0000  0.0000  0.0000  0.0000  0.3568  0.0000  3.9389
   -72.25    42.25    1938  0.0535  0.1126  0.0000  0.0000  1.9218  1.7639  0.0000  0.0000  0.0000  0.0000  0.3820  0.0000  4.2338
   -72.25    42.25    1939  0.0489  0.1025  0.0000  0.0000  1.8873  1.7003  0.0000  0.0000  0.0000  0.0000  0.2464  0.0000  3.9853
   -72.25    42.25    1940  0.0457  0.0952  0.0000  0.0000  1.7775  1.5323  0.0000  0.0000  0.0000  0.0000  0.2358  0.0000  3.6865
   -72.25    42.25    1941  0.0439  0.0916  0.0000  0.0000  1.7074  1.5678  0.0000  0.0000  0.0000  0.0000  0.2448  0.0000  3.6555
   -72.25    42.25    1942  0.0437  0.0884  0.0000  0.0000  1.7957  1.6409  0.0000  0.0000  0.0000  0.0000  0.3346  0.0000  3.9033
   -72.25    42.25    1943  0.0403  0.0789  0.0000  0.0000  1.6594  1.5760  0.0000  0.0000  0.0000  0.0000  0.3157  0.0000  3.6702
   -72.25    42.25    1944  0.0382  0.0724  0.0000  0.0000  1.5845  1.4327  0.0000  0.0000  0.0000  0.0000  0.3363  0.0000  3.4642
   -72.25    42.25    1945  0.0407  0.0729  0.0000  0.0000  1.7401  1.5799  0.0000  0.0000  0.0000  0.0000  0.4626  0.0000  3.8962
   -72.25    42.25    1946  0.0435  0.0770  0.0000  0.0000  1.8498  1.7154  0.0000  0.0000  0.0000  0.0000  0.6131  0.0000  4.2987
   -72.25    42.25    1947  0.0396  0.0683  0.0000  0.0000  1.7648  1.5897  0.0000  0.0000  0.0000  0.0000  0.4161  0.0000  3.8784
   -72.25    42.25    1948  0.0363  0.0583  0.0000  0.0000  1.6905  1.4978  0.0000  0.0000  0.0000  0.0000  0.4569  0.0000  3.7399
   -72.25    42.25    1949  0.0318  0.0520  0.0000  0.0000  1.6258  1.4071  0.0000  0.0000  0.0000  0.0000  0.4415  0.0000  3.5582
   -72.25    42.25    1950  0.0281  0.0380  0.0000  0.0000  1.6284  1.3071  0.0000  0.0000  0.0000  0.0000  0.4855  0.0000  3.4871
   -72.25    42.25    1951  0.0226  0.0351  0.0000  0.0000  1.5721  1.2173  0.0000  0.0000  0.0000  0.0000  0.3446  0.0000  3.1917
   -72.25    42.25    1952  0.0243  0.0421  0.0000  0.0000  1.6655  1.2865  0.0000  0.0000  0.0000  0.0000  0.5083  0.0000  3.5266
   -72.25    42.25    1953  0.0286  0.0542  0.0000  0.0000  1.6177  1.2402  0.0000  0.0000  0.0000  0.0000  0.5675  0.0000  3.5083
   -72.25    42.25    1954  0.0322  0.0617  0.0000  0.0000  1.6376  1.3553  0.0000  0.0000  0.0000  0.0000  0.6694  0.0000  3.7561
   -72.25    42.25    1955  0.0289  0.0592  0.0000  0.0000  1.5988  1.3506  0.0000  0.0000  0.0000  0.0000  0.5581  0.0000  3.5956
   -72.25    42.25    1956  0.0308  0.0658  0.0000  0.0000  1.5971  1.3328  0.0000  0.0000  0.0000  0.0000  0.5826  0.0000  3.6092
   -72.25    42.25    1957  0.0332  0.0774  0.0000  0.0000  1.5201  1.2595  0.0000  0.0000  0.0000  0.0000  0.6199  0.0000  3.5101
   -72.25    42.25    1958  0.0365  0.0877  0.0000  0.0000  1.6757  1.4072  0.0000  0.0000  0.0000  0.0000  0.7091  0.0000  3.9163
   -72.25    42.25    1959  0.0386  0.0941  0.0000  0.0000  1.7384  1.4603  0.0000  0.0000  0.0000  0.0000  0.5573  0.0000  3.8885
   -72.25    42.25    1960  0.0413  0.1020  0.0000  0.0000  1.9013  1.6039  0.0000  0.0000  0.0000  0.0000  0.5857  0.0000  4.2342
   -72.25    42.25    1961  0.0410  0.1020  0.0000  0.0000  1.8353  1.5165  0.0000  0.0000  0.0000  0.0000  0.3562  0.0000  3.8509
   -72.25    42.25    1962  0.0399  0.0987  0.0000  0.0000  1.8346  1.4847  0.0000  0.0000  0.0000  0.0000  0.3253  0.0000  3.7832
   -72.25    42.25    1963  0.0397  0.0966  0.0000  0.0000  1.8172  1.4310  0.0000  0.0000  0.0000  0.0000  0.3929  0.0000  3.7773
   -72.25    42.25    1964  0.0387  0.0931  0.0000  0.0000  1.7499  1.3337  0.0000  0.0000  0.0000  0.0000  0.2908  0.0000  3.5061
   -72.25    42.25    1965  0.0322  0.0880  0.0000  0.0000  1.7233  1.2925  0.0000  0.0000  0.0000  0.0000  0.2605  0.0000  3.3965
   -72.25    42.25    1966  0.0308  0.0811  0.0000  0.0000  1.7959  1.3467  0.0000  0.0000  0.0000  0.0000  0.2385  0.0000  3.4929
   -72.25    42.25    1967  0.0329  0.0894  0.0000  0.0000  1.9017  1.4478  0.0000  0.0000  0.0000  0.0000  0.4378  0.0000  3.9097
   -72.25    42.25    1968  0.0303  0.0828  0.0000  0.0000  1.8903  1.4061  0.0000  0.0000  0.0000  0.0000  0.3718  0.0000  3.7814
   -72.25    42.25    1969  0.0309  0.0849  0.0000  0.0000  2.0104  1.5265  0.0000  0.0000  0.0000  0.0000  0.4043  0.0000  4.0571
   -72.25    42.25    1970  0.0316  0.0871  0.0000  0.0000  2.0687  1.5722  0.0000  0.0000  0.0000  0.0000  0.4502  0.0000  4.2097
   -72.25    42.25    1971  0.0301  0.0843  0.0000  0.0000  1.9322  1.5228  0.0000  0.0000  0.0000  0.0000  0.3647  0.0000  3.9341
   -72.25    42.25    1972  0.0316  0.0879  0.0000  0.0000  1.9539  1.5614  0.0000  0.0000  0.0000  0.0000  0.3724  0.0000  4.0071
   -72.25    42.25    1973  0.0315  0.0975  0.0000  0.0000  2.0405  1.6608  0.0000  0.0000  0.0000  0.0000  0.4962  0.0000  4.3266
   -72.25    42.25    1974  0.0321  0.0987  0.0000  0.0000  1.8071  1.5729  0.0000  0.0000  0.0000  0.0000  0.3717  0.0000  3.8825
   -72.25    42.25    1975  0.0325  0.0996  0.0000  0.0000  1.8633  1.6345  0.0000  0.0000  0.0000  0.0000  0.3344  0.0000  3.9644
   -72.25    42.25    1976  0.0341  0.1095  0.0000  0.0000  1.8737  1.6645  0.0000  0.0000  0.0000  0.0000  0.5771  0.0000  4.2590
   -72.25    42.25    1977  0.0357  0.1144  0.0000  0.0000  1.8796  1.6449  0.0000  0.0000  0.0000  0.0000  0.6646  0.0000  4.3392
   -72.25    42.25    1978  0.0328  0.1018  0.0000  0.0000  1.8344  1.5745  0.0000  0.0000  0.0000  0.0000  0.5171  0.0000  4.0605
   -72.25    42.25    1979  0.0338  0.1045  0.0000  0.0000  1.8968  1.6498  0.0000  0.0000  0.0000  0.0000  0.6199  0.0000  4.3048
   -72.25    42.25    1980  0.0307  0.0958  0.0000  0.0000  1.8144  1.5565  0.0000  0.0000  0.0000  0.0000  0.4682  0.0000  3.9657
   -72.25    42.25    1981  0.0312  0.0944  0.0000  0.0000  1.7903  1.5161  0.0000  0.0000  0.0000  0.0000  0.4979  0.0000  3.9300
   -72.25    42.25    1982  0.0334  0.1017  0.0000  0.0000  1.8562  1.6255  0.0000  0.0000  0.0000  0.0000  0.3868  0.0000  4.0035
   -72.25    42.25    1983  0.0259  0.0766  0.0000  0.0000  1.5916  1.5310  0.0000  0.0000  0.0000  0.0000  0.2693  0.0000  3.4945
   -72.25    42.25    1984  0.0277  0.0830  0.0000  0.0000  1.4150  1.5457  0.0000  0.0000  0.0000  0.0000  0.3701  0.0000  3.4415
   -72.25    42.25    1985  0.0309  0.0964  0.0000  0.0000  1.5293  1.6729  0.0000  0.0000  0.0000  0.0000  0.6030  0.0000  3.9325
   -72.25    42.25    1986  0.0310  0.0965  0.0000  0.0000  1.5932  1.7348  0.0000  0.0000  0.0000  0.0000  0.5061  0.0000  3.9616
   -72.25    42.25    1987  0.0297  0.0889  0.0000  0.0000  1.5906  1.7412  0.0000  0.0000  0.0000  0.0000  0.5538  0.0000  4.0043
   -72.25    42.25    1988  0.0293  0.0865  0.0000  0.0000  1.6010  1.7779  0.0000  0.0000  0.0000  0.0000  0.5389  0.0000  4.0336
   -72.25    42.25    1989  0.0297  0.0853  0.0000  0.0000  1.6817  1.8798  0.0000  0.0000  0.0000  0.0000  0.6230  0.0000  4.2994
   -72.25    42.25    1990  0.0315  0.0871  0.0000  0.0000  1.7221  1.9312  0.0000  0.0000  0.0000  0.0000  0.5255  0.0000  4.2975
   -72.25    42.25    1991  0.0316  0.0855  0.0000  0.0000  1.7480  1.8696  0.0000  0.0000  0.0000  0.0000  0.4776  0.0000  4.2123
   -72.25    42.25    1992  0.0317  0.0828  0.0000  0.0000  1.7814  1.9128  0.0000  0.0000  0.0000  0.0000  0.3789  0.0000  4.1875
   -72.25    42.25    1993  0.0272  0.0700  0.0000  0.0000  1.6855  1.7623  0.0000  0.0000  0.0000  0.0000  0.3548  0.0000  3.8998
   -72.25    42.25    1994  0.0284  0.0704  0.0000  0.0000  1.8118  1.8974  0.0000  0.0000  0.0000  0.0000  0.4908  0.0000  4.2988
   -72.25    42.25    1995  0.0268  0.0637  0.0000  0.0000  1.7428  1.8015  0.0000  0.0000  0.0000  0.0000  0.3819  0.0000  4.0167
   -72.25    42.25    1996  0.0255  0.0599  0.0000  0.0000  1.8113  1.8784  0.0000  0.0000  0.0000  0.0000  0.4630  0.0000  4.2381
   -72.25    42.25    1997  0.0245  0.0531  0.0000  0.0000  1.7456  1.7682  0.0000  0.0000  0.0000  0.0000  0.3711  0.0000  3.9624
   -72.25    42.25    1998  0.0241  0.0487  0.0000  0.0000  1.7858  1.8010  0.0000  0.0000  0.0000  0.0000  0.3826  0.0000  4.0423
   -72.25    42.25    1999  0.0234  0.0428  0.0000  0.0000  1.8024  1.8003  0.0000  0.0000  0.0000  0.0000  0.3550  0.0000  4.0239
   -72.25    42.25    2000  0.0243  0.0394  0.0000  0.0000  1.9715  1.9592  0.0000  0.0000  0.0000  0.0000  0.4192  0.0000  4.4137
   -72.25    42.25    2001  0.0224  0.0326  0.0000  0.0000  1.9794  1.8541  0.0000  0.0000  0.0000  0.0000  0.2715  0.0000  4.1601
   -72.25    42.25    2002  0.0208  0.0283  0.0000  0.0000  2.0000  1.8613  0.0000  0.0000  0.0000  0.0000  0.2013  0.0000  4.1118
   -72.25    42.25    2003  0.0208  0.0298  0.0000  0.0000  2.0846  1.9544  0.0000  0.0000  0.0000  0.0000  0.2822  0.0000  4.3717
   -72.25    42.25    2004  0.0199  0.0282  0.0000  0.0000  2.1170  1.9824  0.0000  0.0000  0.0000  0.0000  0.2354  0.0000  4.3830
   -72.25    42.25    2005  0.0134  0.0178  0.0000  0.0000  1.8677  1.8739  0.0000  0.0000  0.0000  0.0000  0.1986  0.0000  3.9714
   -72.25    42.25    2006  0.0143  0.0197  0.0000  0.0000  1.8498  1.8302  0.0000  0.0000  0.0000  0.0000  0.2419  0.0000  3.9560
   -72.25    42.25    2007  0.0152  0.0241  0.0000  0.0000  1.7588  1.7403  0.0000  0.0000  0.0000  0.0000  0.2757  0.0000  3.8140
   -72.25    42.25    2008  0.0166  0.0303  0.0000  0.0000  1.7661  1.8622  0.0000  0.0000  0.0000  0.0000  0.3920  0.0000  4.0672
   -72.25    42.25    2009  0.0178  0.0329  0.0000  0.0000  1.8749  1.9816  0.0000  0.0000  0.0000  0.0000  0.3938  0.0000  4.3009
   -72.25    42.25    2010  0.0178  0.0348  0.0000  0.0000  1.7233  1.7347  0.0000  0.0000  0.0000  0.0000  0.3387  0.0000  3.8493
   -72.25    42.25    2011  0.0196  0.0420  0.0000  0.0000  1.7893  1.7912  0.0000  0.0000  0.0000  0.0000  0.4073  0.0000  4.0495
   -72.25    42.25    2012  0.0222  0.0503  0.0000  0.0000  1.8767  1.8881  0.0000  0.0000  0.0000  0.0000  0.5171  0.0000  4.3544
   -72.25    42.25    2013  0.0235  0.0558  0.0000  0.0000  1.7985  1.8973  0.0000  0.0000  0.0000  0.0000  0.4421  0.0000  4.2172
   -72.25    42.25    2014  0.0237  0.0543  0.0000  0.0000  1.8019  1.8596  0.0000  0.0000  0.0000  0.0000  0.4069  0.0000  4.1465
   -72.25    42.25    2015  0.0163  0.0614  0.0000  0.0000  1.7058  1.8462  0.0000  0.0000  0.0000  0.0000  0.4189  0.0000  4.0486
