      Lon      Lat    Year     BNE    BINE     BNS    TeNE    TeBS     IBS    TeBE    TrBE   TrIBE    TrBR     C3G     C4G   Total
   -72.25    42.25    1901  0.0827  0.1129  0.0000  0.0000  1.9856  0.8998  0.0000  0.0000  0.0000  0.0000  0.9575  0.0000  4.0385
   -72.25    42.25    1902  0.0912  0.1294  0.0000  0.0000  1.9374  0.9676  0.0000  0.0000  0.0000  0.0000  1.0535  0.0000  4.1791
   -72.25    42.25    1903  0.0929  0.1360  0.0000  0.0000  1.9501  0.9804  0.0000  0.0000  0.0000  0.0000  0.8744  0.0000  4.0338
   -72.25    42.25    1904  0.0961  0.1424  0.0000  0.0000  1.8689  0.9737  0.0000  0.0000  0.0000  0.0000  0.8229  0.0000  3.9040
   -72.25    42.25    1905  0.0966  0.1390  0.0000  0.0000  1.7834  0.8854  0.0000  0.0000  0.0000  0.0000  0.6412  0.0000  3.5456
   -72.25    42.25    1906  0.1011  0.1551  0.0000  0.0000  1.8791  0.9772  0.0000  0.0000  0.0000  0.0000  0.7749  0.0000  3.8873
   -72.25    42.25    1907  0.1100  0.1716  0.0000  0.0000  1.8362  0.9697  0.0000  0.0000  0.0000  0.0000  0.6784  0.0000  3.7659
   -72.25    42.25    1908  0.1097  0.1756  0.0000  0.0000  1.8638  1.0052  0.0000  0.0000  0.0000  0.0000  0.6791  0.0000  3.8334
   -72.25    42.25    1909  0.1106  0.1779  0.0000  0.0000  1.8891  1.0363  0.0000  0.0000  0.0000  0.0000  0.6283  0.0000  3.8423
   -72.25    42.25    1910  0.1069  0.1674  0.0000  0.0000  1.8949  1.0361  0.0000  0.0000  0.0000  0.0000  0.5728  0.0000  3.7781
   -72.25    42.25    1911  0.0924  0.1298  0.0000  0.0000  1.8149  0.9028  0.0000  0.0000  0.0000  0.0000  0.4622  0.0000  3.4022
   -72.25    42.25    1912  0.0874  0.1178  0.0000  0.0000  1.8228  0.8742  0.0000  0.0000  0.0000  0.0000  0.4813  0.0000  3.3836
   -72.25    42.25    1913  0.0873  0.1312  0.0000  0.0000  1.8313  0.9067  0.0000  0.0000  0.0000  0.0000  0.5339  0.0000  3.4903
   -72.25    42.25    1914  0.0893  0.1363  0.0000  0.0000  1.8510  0.9168  0.0000  0.0000  0.0000  0.0000  0.5129  0.0000  3.5063
   -72.25    42.25    1915  0.0918  0.1434  0.0000  0.0000  1.9467  0.9594  0.0000  0.0000  0.0000  0.0000  0.7460  0.0000  3.8873
   -72.25    42.25    1916  0.0963  0.1538  0.0000  0.0000  2.0772  1.0682  0.0000  0.0000  0.0000  0.0000  0.6880  0.0000  4.0834
   -72.25    42.25    1917  0.0962  0.1519  0.0000  0.0000  2.0188  1.0869  0.0000  0.0000  0.0000  0.0000  0.6230  0.0000  3.9768
   -72.25    42.25    1918  0.0973  0.1519  0.0000  0.0000  2.0570  1.1046  0.0000  0.0000  0.0000  0.0000  0.5576  0.0000  3.9684
   -72.25    42.25    1919  0.0859  0.1464  0.0000  0.0000  2.0438  1.0614  0.0000  0.0000  0.0000  0.0000  0.5089  0.0000  3.8462
   -72.25    42.25    1920  0.0876  0.1460  0.0000  0.0000  2.0546  1.0736  0.0000  0.0000  0.0000  0.0000  0.5329  0.0000  3.8947
   -72.25    42.25    1921  0.0881  0.1486  0.0000  0.0000  2.1099  1.1371  0.0000  0.0000  0.0000  0.0000  0.6796  0.0000  4.1633
   -72.25    42.25    1922  0.0916  0.1527  0.0000  0.0000  2.2202  1.2400  0.0000  0.0000  0.0000  0.0000  0.5923  0.0000  4.2968
   -72.25    42.25    1923  0.0877  0.1417  0.0000  0.0000  2.1757  1.1945  0.0000  0.0000  0.0000  0.0000  0.4934  0.0000  4.0930
   -72.25    42.25    1924  0.0802  0.1276  0.0000  0.0000  1.9389  1.0248  0.0000  0.0000  0.0000  0.0000  0.3579  0.0000  3.5295
   -72.25    42.25    1925  0.0849  0.1346  0.0000  0.0000  2.0493  1.1121  0.0000  0.0000  0.0000  0.0000  0.4225  0.0000  3.8034
   -72.25    42.25    1926  0.0827  0.1306  0.0000  0.0000  2.0303  1.0841  0.0000  0.0000  0.0000  0.0000  0.4111  0.0000  3.7389
   -72.25    42.25    1927  0.0867  0.1356  0.0000  0.0000  2.1202  1.0868  0.0000  0.0000  0.0000  0.0000  0.4853  0.0000  3.9146
   -72.25    42.25    1928  0.0889  0.1392  0.0000  0.0000  2.2146  1.1751  0.0000  0.0000  0.0000  0.0000  0.5087  0.0000  4.1265
   -72.25    42.25    1929  0.0878  0.1373  0.0000  0.0000  2.0606  1.0872  0.0000  0.0000  0.0000  0.0000  0.4326  0.0000  3.8055
   -72.25    42.25    1930  0.0838  0.1342  0.0000  0.0000  2.0180  1.0718  0.0000  0.0000  0.0000  0.0000  0.3997  0.0000  3.7075
   -72.25    42.25    1931  0.0821  0.1264  0.0000  0.0000  2.1292  1.1483  0.0000  0.0000  0.0000  0.0000  0.3391  0.0000  3.8250
   -72.25    42.25    1932  0.0825  0.1250  0.0000  0.0000  2.1350  1.0924  0.0000  0.0000  0.0000  0.0000  0.2404  0.0000  3.6753
   -72.25    42.25    1933  0.0791  0.1191  0.0000  0.0000  1.9771  1.0084  0.0000  0.0000  0.0000  0.0000  0.3256  0.0000  3.5093
   -72.25    42.25    1934  0.0814  0.1253  0.0000  0.0000  2.0283  1.0500  0.0000  0.0000  0.0000  0.0000  0.3171  0.0000  3.6021
   -72.25    42.25    1935  0.0842  0.1304  0.0000  0.0000  2.0074  1.0623  0.0000  0.0000  0.0000  0.0000  0.4521  0.0000  3.7364
   -72.25    42.25    1936  0.0856  0.1334  0.0000  0.0000  2.0311  1.0833  0.0000  0.0000  0.0000  0.0000  0.4758  0.0000  3.8092
   -72.25    42.25    1937  0.0870  0.1346  0.0000  0.0000  2.1455  1.1777  0.0000  0.0000  0.0000  0.0000  0.4844  0.0000  4.0292
   -72.25    42.25    1938  0.0892  0.1405  0.0000  0.0000  2.2811  1.2802  0.0000  0.0000  0.0000  0.0000  0.4719  0.0000  4.2629
   -72.25    42.25    1939  0.0847  0.1283  0.0000  0.0000  2.2226  1.2271  0.0000  0.0000  0.0000  0.0000  0.3785  0.0000  4.0411
   -72.25    42.25    1940  0.0791  0.1196  0.0000  0.0000  2.0593  1.1622  0.0000  0.0000  0.0000  0.0000  0.3510  0.0000  3.7713
   -72.25    42.25    1941  0.0786  0.1149  0.0000  0.0000  2.1042  1.1797  0.0000  0.0000  0.0000  0.0000  0.4333  0.0000  3.9106
   -72.25    42.25    1942  0.0787  0.1056  0.0000  0.0000  2.0090  1.1131  0.0000  0.0000  0.0000  0.0000  0.5005  0.0000  3.8069
   -72.25    42.25    1943  0.0752  0.0983  0.0000  0.0000  1.9458  1.0716  0.0000  0.0000  0.0000  0.0000  0.3667  0.0000  3.5577
   -72.25    42.25    1944  0.0745  0.1023  0.0000  0.0000  1.9569  1.0946  0.0000  0.0000  0.0000  0.0000  0.6155  0.0000  3.8438
   -72.25    42.25    1945  0.0807  0.1106  0.0000  0.0000  2.0766  1.1302  0.0000  0.0000  0.0000  0.0000  0.7970  0.0000  4.1951
   -72.25    42.25    1946  0.0833  0.1122  0.0000  0.0000  2.2038  1.2206  0.0000  0.0000  0.0000  0.0000  0.7320  0.0000  4.3518
   -72.25    42.25    1947  0.0737  0.1025  0.0000  0.0000  2.0875  1.1181  0.0000  0.0000  0.0000  0.0000  0.6224  0.0000  4.0041
   -72.25    42.25    1948  0.0741  0.1044  0.0000  0.0000  2.0516  1.1063  0.0000  0.0000  0.0000  0.0000  0.6598  0.0000  3.9963
   -72.25    42.25    1949  0.0713  0.1036  0.0000  0.0000  1.8669  1.0327  0.0000  0.0000  0.0000  0.0000  0.5808  0.0000  3.6553
   -72.25    42.25    1950  0.0736  0.1092  0.0000  0.0000  1.8448  0.9804  0.0000  0.0000  0.0000  0.0000  0.6173  0.0000  3.6255
   -72.25    42.25    1951  0.0726  0.1071  0.0000  0.0000  1.8922  0.9879  0.0000  0.0000  0.0000  0.0000  0.5757  0.0000  3.6356
   -72.25    42.25    1952  0.0767  0.1186  0.0000  0.0000  2.0029  1.0747  0.0000  0.0000  0.0000  0.0000  0.7591  0.0000  4.0320
   -72.25    42.25    1953  0.0695  0.1088  0.0000  0.0000  1.8574  1.0186  0.0000  0.0000  0.0000  0.0000  0.4981  0.0000  3.5524
   -72.25    42.25    1954  0.0755  0.1156  0.0000  0.0000  2.0488  1.1343  0.0000  0.0000  0.0000  0.0000  0.5875  0.0000  3.9617
   -72.25    42.25    1955  0.0750  0.1168  0.0000  0.0000  2.1149  1.1667  0.0000  0.0000  0.0000  0.0000  0.4180  0.0000  3.8915
   -72.25    42.25    1956  0.0752  0.1145  0.0000  0.0000  1.9772  1.1510  0.0000  0.0000  0.0000  0.0000  0.3770  0.0000  3.6950
   -72.25    42.25    1957  0.0721  0.1113  0.0000  0.0000  1.8632  1.0813  0.0000  0.0000  0.0000  0.0000  0.3333  0.0000  3.4611
   -72.25    42.25    1958  0.0773  0.1125  0.0000  0.0000  2.0138  1.1328  0.0000  0.0000  0.0000  0.0000  0.4673  0.0000  3.8036
   -72.25    42.25    1959  0.0763  0.1100  0.0000  0.0000  2.0005  1.1429  0.0000  0.0000  0.0000  0.0000  0.3580  0.0000  3.6878
   -72.25    42.25    1960  0.0793  0.1147  0.0000  0.0000  2.1012  1.1580  0.0000  0.0000  0.0000  0.0000  0.4305  0.0000  3.8838
   -72.25    42.25    1961  0.0791  0.1157  0.0000  0.0000  2.0890  1.1555  0.0000  0.0000  0.0000  0.0000  0.2841  0.0000  3.7235
   -72.25    42.25    1962  0.0754  0.1033  0.0000  0.0000  2.0363  1.0505  0.0000  0.0000  0.0000  0.0000  0.5005  0.0000  3.7661
   -72.25    42.25    1963  0.0724  0.1059  0.0000  0.0000  1.9488  0.9250  0.0000  0.0000  0.0000  0.0000  0.3944  0.0000  3.4465
   -72.25    42.25    1964  0.0687  0.1045  0.0000  0.0000  1.7872  0.8476  0.0000  0.0000  0.0000  0.0000  0.5053  0.0000  3.3134
   -72.25    42.25    1965  0.0682  0.1067  0.0000  0.0000  1.7917  0.7794  0.0000  0.0000  0.0000  0.0000  0.4918  0.0000  3.2378
   -72.25    42.25    1966  0.0703  0.1086  0.0000  0.0000  1.8815  0.8149  0.0000  0.0000  0.0000  0.0000  0.5536  0.0000  3.4290
   -72.25    42.25    1967  0.0731  0.1163  0.0000  0.0000  1.8681  0.8710  0.0000  0.0000  0.0000  0.0000  0.6780  0.0000  3.6064
   -72.25    42.25    1968  0.0738  0.1169  0.0000  0.0000  1.9342  0.8949  0.0000  0.0000  0.0000  0.0000  0.6629  0.0000  3.6828
   -72.25    42.25    1969  0.0720  0.1063  0.0000  0.0000  2.0647  0.9643  0.0000  0.0000  0.0000  0.0000  0.7215  0.0000  3.9287
   -72.25    42.25    1970  0.0735  0.1106  0.0000  0.0000  2.0564  1.0053  0.0000  0.0000  0.0000  0.0000  0.6254  0.0000  3.8713
   -72.25    42.25    1971  0.0726  0.1115  0.0000  0.0000  2.0607  1.0200  0.0000  0.0000  0.0000  0.0000  0.6342  0.0000  3.8990
   -72.25    42.25    1972  0.0778  0.1218  0.0000  0.0000  2.1008  1.0670  0.0000  0.0000  0.0000  0.0000  0.6988  0.0000  4.0662
   -72.25    42.25    1973  0.0813  0.1283  0.0000  0.0000  2.2082  1.1415  0.0000  0.0000  0.0000  0.0000  0.8002  0.0000  4.3596
   -72.25    42.25    1974  0.0835  0.1286  0.0000  0.0000  2.3017  1.2021  0.0000  0.0000  0.0000  0.0000  0.6093  0.0000  4.3252
   -72.25    42.25    1975  0.0678  0.1116  0.0000  0.0000  2.3232  1.2633  0.0000  0.0000  0.0000  0.0000  0.5133  0.0000  4.2792
   -72.25    42.25    1976  0.0691  0.1119  0.0000  0.0000  2.3564  1.2774  0.0000  0.0000  0.0000  0.0000  0.4237  0.0000  4.2385
   -72.25    42.25    1977  0.0731  0.1176  0.0000  0.0000  2.4730  1.3461  0.0000  0.0000  0.0000  0.0000  0.5295  0.0000  4.5393
   -72.25    42.25    1978  0.0616  0.0944  0.0000  0.0000  2.2820  1.1426  0.0000  0.0000  0.0000  0.0000  0.3417  0.0000  3.9224
   -72.25    42.25    1979  0.0631  0.0979  0.0000  0.0000  2.4036  1.2303  0.0000  0.0000  0.0000  0.0000  0.3742  0.0000  4.1692
   -72.25    42.25    1980  0.0562  0.0921  0.0000  0.0000  2.2727  1.1105  0.0000  0.0000  0.0000  0.0000  0.4184  0.0000  3.9499
   -72.25    42.25    1981  0.0556  0.0938  0.0000  0.0000  2.2317  1.1080  0.0000  0.0000  0.0000  0.0000  0.4037  0.0000  3.8928
   -72.25    42.25    1982  0.0602  0.1035  0.0000  0.0000  2.3639  1.2164  0.0000  0.0000  0.0000  0.0000  0.5310  0.0000  4.2751
   -72.25    42.25    1983  0.0564  0.0986  0.0000  0.0000  2.2788  1.2029  0.0000  0.0000  0.0000  0.0000  0.4158  0.0000  4.0524
   -72.25    42.25    1984  0.0551  0.0950  0.0000  0.0000  2.2920  1.2311  0.0000  0.0000  0.0000  0.0000  0.4130  0.0000  4.0862
   -72.25    42.25    1985  0.0552  0.0984  0.0000  0.0000  2.4505  1.3454  0.0000  0.0000  0.0000  0.0000  0.3949  0.0000  4.3444
   -72.25    42.25    1986  0.0540  0.0965  0.0000  0.0000  2.5158  1.4015  0.0000  0.0000  0.0000  0.0000  0.3090  0.0000  4.3767
   -72.25    42.25    1987  0.0507  0.0918  0.0000  0.0000  2.4381  1.3064  0.0000  0.0000  0.0000  0.0000  0.2336  0.0000  4.1206
   -72.25    42.25    1988  0.0474  0.0876  0.0000  0.0000  2.3570  1.3666  0.0000  0.0000  0.0000  0.0000  0.1699  0.0000  4.0286
   -72.25    42.25    1989  0.0495  0.0924  0.0000  0.0000  2.4144  1.4527  0.0000  0.0000  0.0000  0.0000  0.2068  0.0000  4.2157
   -72.25    42.25    1990  0.0465  0.0969  0.0000  0.0000  2.4164  1.4965  0.0000  0.0000  0.0000  0.0000  0.1616  0.0000  4.2178
   -72.25    42.25    1991  0.0448  0.0954  0.0000  0.0000  2.4488  1.5599  0.0000  0.0000  0.0000  0.0000  0.3231  0.0000  4.4719
   -72.25    42.25    1992  0.0449  0.0958  0.0000  0.0000  2.4714  1.6258  0.0000  0.0000  0.0000  0.0000  0.2454  0.0000  4.4834
   -72.25    42.25    1993  0.0371  0.0787  0.0000  0.0000  2.3339  1.5644  0.0000  0.0000  0.0000  0.0000  0.2276  0.0000  4.2418
   -72.25    42.25    1994  0.0384  0.0803  0.0000  0.0000  2.3256  1.7085  0.0000  0.0000  0.0000  0.0000  0.2879  0.0000  4.4407
   -72.25    42.25    1995  0.0355  0.0690  0.0000  0.0000  2.0921  1.5550  0.0000  0.0000  0.0000  0.0000  0.1875  0.0000  3.9391
   -72.25    42.25    1996  0.0342  0.0722  0.0000  0.0000  2.0926  1.5836  0.0000  0.0000  0.0000  0.0000  0.2812  0.0000  4.0637
   -72.25    42.25    1997  0.0308  0.0570  0.0000  0.0000  1.9336  1.4661  0.0000  0.0000  0.0000  0.0000  0.2986  0.0000  3.7860
   -72.25    42.25    1998  0.0333  0.0640  0.0000  0.0000  1.8407  1.4448  0.0000  0.0000  0.0000  0.0000  0.4263  0.0000  3.8091
   -72.25    42.25    1999  0.0351  0.0711  0.0000  0.0000  1.8282  1.4689  0.0000  0.0000  0.0000  0.0000  0.5087  0.0000  3.9119
   -72.25    42.25    2000  0.0393  0.0798  0.0000  0.0000  1.8842  1.5945  0.0000  0.0000  0.0000  0.0000  0.8129  0.0000  4.4106
   -72.25    42.25    2001  0.0388  0.0794  0.0000  0.0000  1.9281  1.6226  0.0000  0.0000  0.0000  0.0000  0.5761  0.0000  4.2450
   -72.25    42.25    2002  0.0383  0.0736  0.0000  0.0000  1.8953  1.6246  0.0000  0.0000  0.0000  0.0000  0.5528  0.0000  4.1846
   -72.25    42.25    2003  0.0410  0.0800  0.0000  0.0000  1.9628  1.6975  0.0000  0.0000  0.0000  0.0000  0.5970  0.0000  4.3783
   -72.25    42.25    2004  0.0437  0.0897  0.0000  0.0000  1.9917  1.7498  0.0000  0.0000  0.0000  0.0000  0.6556  0.0000  4.5306
   -72.25    42.25    2005  0.0410  0.0868  0.0000  0.0000  1.8746  1.5802  0.0000  0.0000  0.0000  0.0000  0.4982  0.0000  4.0808
   -72.25    42.25    2006  0.0432  0.0916  0.0000  0.0000  1.9233  1.6596  0.0000  0.0000  0.0000  0.0000  0.4551  0.0000  4.1727
   -72.25    42.25    2007  0.0429  0.0953  0.0000  0.0000  1.8143  1.5873  0.0000  0.0000  0.0000  0.0000  0.4175  0.0000  3.9573
   -72.25    42.25    2008  0.0467  0.1071  0.0000  0.0000  1.9199  1.7273  0.0000  0.0000  0.0000  0.0000  0.3942  0.0000  4.1953
   -72.25    42.25    2009  0.0535  0.1236  0.0000  0.0000  2.0630  1.7754  0.0000  0.0000  0.0000  0.0000  0.3484  0.0000  4.3638
   -72.25    42.25    2010  0.0481  0.1086  0.0000  0.0000  1.9490  1.6791  0.0000  0.0000  0.0000  0.0000  0.1696  0.0000  3.9543
   -72.25    42.25    2011  0.0519  0.1218  0.0000  0.0000  2.0748  1.8025  0.0000  0.0000  0.0000  0.0000  0.3503  0.0000  4.4012
   -72.25    42.25    2012  0.0553  0.1305  0.0000  0.0000  2.1477  1.7986  0.0000  0.0000  0.0000  0.0000  0.2600  0.0000  4.3922
   -72.25    42.25    2013  0.0533  0.1213  0.0000  0.0000  2.0793  1.8214  0.0000  0.0000  0.0000  0.0000  0.2187  0.0000  4.2940
   -72.25    42.25    2014  0.0483  0.1088  0.0000  0.0000  2.0688  1.8143  0.0000  0.0000  0.0000  0.0000  0.3184  0.0000  4.3587
   -72.25    42.25    2015  0.0414  0.0931  0.0000  0.0000  1.9741  1.6895  0.0000  0.0000  0.0000  0.0000  0.2991  0.0000  4.0973
